SF:lib\abstractions\i_http_helper.dart
DA:30,5
DA:31,5
DA:32,5
DA:33,5
DA:34,5
DA:37,10
DA:38,0
DA:39,0
DA:41,20
DA:43,5
DA:44,5
DA:53,5
LF:12
LH:10
end_of_record
SF:lib\features\characters_list\data\repositories\character_repository.dart
DA:11,1
DA:16,1
DA:18,3
DA:19,2
DA:20,0
DA:23,2
DA:24,1
DA:25,2
DA:26,2
DA:27,3
DA:28,1
DA:29,2
DA:31,1
DA:33,1
LF:14
LH:13
end_of_record
SF:lib\features\characters_list\domain\inputs_outputs\get_characters\get_character_input.dart
DA:4,2
LF:1
LH:1
end_of_record
SF:lib\infrastructure\environments_confi.dart
DA:6,3
DA:7,6
DA:9,4
DA:10,0
DA:11,0
LF:5
LH:3
end_of_record
SF:lib\core\entities\character.dart
DA:17,2
DA:31,1
DA:32,1
DA:33,2
DA:34,1
DA:35,2
DA:36,1
DA:37,2
DA:38,1
DA:39,1
DA:40,1
DA:41,1
DA:42,1
DA:43,1
DA:44,1
DA:45,2
LF:16
LH:16
end_of_record
SF:lib\core\extensions\string_helpers.dart
DA:4,1
DA:5,2
DA:8,2
DA:9,1
DA:10,1
LF:5
LH:5
end_of_record
SF:lib\core\helpers\get_id_from_lists_helper.dart
DA:4,1
DA:6,1
DA:7,0
DA:8,0
DA:9,0
DA:10,1
DA:13,1
DA:15,1
DA:16,0
DA:17,0
DA:18,0
DA:19,1
LF:12
LH:6
end_of_record
SF:lib\features\characters_list\domain\inputs_outputs\get_characters\get_characters_output.dart
DA:10,2
DA:16,2
DA:17,2
DA:19,2
DA:20,2
DA:22,2
LF:6
LH:6
end_of_record
SF:lib\features\characters_list\data\repositories\planets_repository.dart
DA:11,1
DA:14,1
DA:16,3
DA:18,2
DA:19,1
DA:20,3
DA:22,1
DA:24,1
LF:8
LH:8
end_of_record
SF:lib\features\characters_list\domain\inputs_outputs\get_planet_by_id\get_planet_by_id_input.dart
DA:4,2
LF:1
LH:1
end_of_record
SF:lib\core\entities\planet.dart
DA:8,2
DA:16,2
DA:17,1
DA:18,1
DA:19,1
DA:20,1
DA:21,1
LF:7
LH:7
end_of_record
SF:lib\features\characters_list\domain\inputs_outputs\get_planet_by_id\get_planet_by_id_output.dart
DA:6,2
DA:7,2
DA:8,2
DA:9,2
DA:10,2
DA:11,2
LF:6
LH:6
end_of_record
SF:lib\features\characters_list\data\repositories\report_character_repository.dart
DA:10,1
DA:15,1
DA:18,2
DA:20,3
DA:21,1
DA:22,1
DA:24,3
DA:26,1
LF:8
LH:8
end_of_record
SF:lib\features\characters_list\domain\inputs_outputs\report_character\report_character_input.dart
DA:6,1
DA:12,2
DA:13,1
DA:14,2
DA:15,1
LF:5
LH:5
end_of_record
SF:lib\features\characters_list\domain\inputs_outputs\report_character\report_character_output.dart
DA:3,1
DA:4,0
LF:2
LH:1
end_of_record
SF:lib\features\characters_list\data\repositories\starship_repository.dart
DA:11,1
DA:16,1
DA:19,3
DA:21,2
DA:22,1
DA:23,1
DA:24,2
DA:27,1
DA:29,1
LF:9
LH:9
end_of_record
SF:lib\features\characters_list\domain\inputs_outputs\get_starship_by_id\get_starship_by_id_input.dart
DA:3,2
LF:1
LH:1
end_of_record
SF:lib\core\entities\starship.dart
DA:7,2
DA:15,2
DA:16,1
DA:17,1
DA:18,1
DA:19,1
DA:20,1
LF:7
LH:7
end_of_record
SF:lib\features\characters_list\domain\inputs_outputs\get_starship_by_id\get_starship_by_id_output.dart
DA:7,2
DA:8,2
DA:9,2
DA:10,2
DA:11,2
DA:13,3
LF:6
LH:6
end_of_record
SF:lib\features\characters_list\data\repositories\vehicle_repository.dart
DA:11,1
DA:15,1
DA:17,3
DA:19,2
DA:20,1
DA:21,3
DA:23,1
DA:25,1
LF:8
LH:8
end_of_record
SF:lib\features\characters_list\domain\inputs_outputs\get_vehicle_by_id\get_vehicle_by_id_input.dart
DA:4,2
LF:1
LH:1
end_of_record
SF:lib\core\entities\vehicle.dart
DA:8,2
DA:15,2
DA:16,1
DA:17,1
DA:18,1
DA:19,1
LF:6
LH:6
end_of_record
SF:lib\features\characters_list\domain\inputs_outputs\get_vehicle_by_id\get_vehicle_by_id_output.dart
DA:7,2
DA:11,2
DA:12,2
DA:13,2
DA:14,2
DA:15,2
LF:6
LH:6
end_of_record
SF:lib\features\characters_list\presentation\components\character_list_component\bloc\character_list_bloc.dart
DA:12,1
DA:14,2
DA:15,2
DA:16,2
DA:17,1
DA:18,1
DA:19,2
DA:20,1
DA:21,2
DA:24,2
DA:25,1
DA:26,1
DA:31,1
DA:32,1
DA:33,2
DA:36,1
DA:37,1
DA:40,2
DA:41,1
DA:42,1
DA:44,1
DA:45,2
DA:46,1
DA:48,2
DA:49,1
DA:50,0
DA:53,2
DA:54,1
DA:55,1
DA:56,4
DA:57,1
DA:64,1
DA:65,0
DA:66,0
DA:67,0
DA:69,0
DA:70,0
DA:71,0
DA:72,0
DA:73,0
DA:74,0
DA:75,0
LF:42
LH:31
end_of_record
SF:lib\features\characters_list\presentation\components\character_list_component\bloc\character_list_event.dart
DA:9,1
DA:16,0
LF:2
LH:1
end_of_record
SF:lib\features\characters_list\presentation\components\character_list_component\bloc\character_list_state.dart
DA:13,1
LF:1
LH:1
end_of_record
SF:lib\features\characters_list\presentation\components\planet_card\bloc\planet_card_event.dart
DA:7,1
LF:1
LH:1
end_of_record
SF:lib\features\characters_list\presentation\components\planet_card\bloc\planet_card_bloc.dart
DA:11,1
DA:14,2
DA:15,2
DA:16,2
DA:17,2
DA:18,1
DA:19,2
DA:22,3
DA:25,1
DA:26,0
DA:27,0
DA:28,0
DA:29,0
DA:30,0
DA:31,0
LF:15
LH:9
end_of_record
SF:lib\features\characters_list\presentation\components\planet_card\bloc\planet_card_state.dart
DA:12,1
LF:1
LH:1
end_of_record
SF:lib\features\characters_list\presentation\components\starship_card\bloc\starship_card_bloc.dart
DA:11,1
DA:14,2
DA:15,1
DA:16,1
DA:17,2
DA:18,2
DA:19,1
DA:20,2
DA:23,1
DA:24,2
DA:29,1
DA:30,0
DA:31,0
DA:32,0
DA:33,0
DA:34,0
DA:35,0
LF:17
LH:11
end_of_record
SF:lib\features\characters_list\presentation\components\starship_card\bloc\starship_card_state.dart
DA:9,1
LF:1
LH:1
end_of_record
SF:lib\features\characters_list\presentation\components\starship_card\bloc\starship_card_event.dart
DA:7,1
LF:1
LH:1
end_of_record
SF:lib\features\characters_list\presentation\components\vehicle_card\bloc\vehicle_card_bloc.dart
DA:11,1
DA:13,2
DA:14,2
DA:15,2
DA:16,2
DA:17,1
DA:18,3
DA:21,3
DA:24,1
DA:25,0
DA:26,0
LF:11
LH:9
end_of_record
SF:lib\features\characters_list\presentation\components\vehicle_card\bloc\vehicle_card_state.dart
DA:12,1
DA:20,1
LF:2
LH:2
end_of_record
SF:lib\features\characters_list\presentation\components\vehicle_card\bloc\vehicle_card_event.dart
DA:7,1
LF:1
LH:1
end_of_record
